0 info it worked if it ends with ok
1 verbose cli [ 'node', '/usr/local/bin/npm', 'update', '-g', 'npm' ]
2 info using npm@1.4.14
3 info using node@v0.10.29
4 verbose url raw npm
5 verbose url resolving [ 'https://registry.npmjs.org/', './npm' ]
6 verbose url resolved https://registry.npmjs.org/npm
7 info trying registry request attempt 1 at 13:14:11
8 http GET https://registry.npmjs.org/npm
9 http 200 https://registry.npmjs.org/npm
10 silly registry.get cb [ 200,
10 silly registry.get   { date: 'Mon, 25 Aug 2014 05:14:14 GMT',
10 silly registry.get     server: 'CouchDB/1.5.0 (Erlang OTP/R14B04)',
10 silly registry.get     etag: '"AR9WCPEWCZKZOWG6AH44FQSJL"',
10 silly registry.get     'content-type': 'application/json',
10 silly registry.get     'cache-control': 'max-age=60',
10 silly registry.get     'content-length': '1296811',
10 silly registry.get     'accept-ranges': 'bytes',
10 silly registry.get     via: '1.1 varnish',
10 silly registry.get     age: '730',
10 silly registry.get     'x-served-by': 'cache-hk93-HKG',
10 silly registry.get     'x-cache': 'HIT',
10 silly registry.get     'x-cache-hits': '1',
10 silly registry.get     'x-timer': 'S1408943653.835568,VS0,VE253',
10 silly registry.get     vary: 'Accept',
10 silly registry.get     'keep-alive': 'timeout=10, max=50',
10 silly registry.get     connection: 'Keep-Alive' } ]
11 info outdated updating [ [ '/usr/local/lib', 'npm', '1.4.14', '2.0.0-beta.0', '1.4.24', '*' ] ]
12 verbose install where,what [ '/usr/local/lib', [ 'npm@2.0.0-beta.0' ] ]
13 verbose cache add [ 'npm@2.0.0-beta.0', null ]
14 verbose cache add name=undefined spec="npm@2.0.0-beta.0" args=["npm@2.0.0-beta.0",null]
15 verbose parsed url { protocol: null,
15 verbose parsed url   slashes: null,
15 verbose parsed url   auth: null,
15 verbose parsed url   host: null,
15 verbose parsed url   port: null,
15 verbose parsed url   hostname: null,
15 verbose parsed url   hash: null,
15 verbose parsed url   search: null,
15 verbose parsed url   query: null,
15 verbose parsed url   pathname: 'npm@2.0.0-beta.0',
15 verbose parsed url   path: 'npm@2.0.0-beta.0',
15 verbose parsed url   href: 'npm@2.0.0-beta.0' }
16 verbose cache add name="npm" spec="2.0.0-beta.0" args=["npm","2.0.0-beta.0"]
17 verbose parsed url { protocol: null,
17 verbose parsed url   slashes: null,
17 verbose parsed url   auth: null,
17 verbose parsed url   host: null,
17 verbose parsed url   port: null,
17 verbose parsed url   hostname: null,
17 verbose parsed url   hash: null,
17 verbose parsed url   search: null,
17 verbose parsed url   query: null,
17 verbose parsed url   pathname: '2.0.0-beta.0',
17 verbose parsed url   path: '2.0.0-beta.0',
17 verbose parsed url   href: '2.0.0-beta.0' }
18 verbose addNamed [ 'npm', '2.0.0-beta.0' ]
19 verbose addNamed [ '2.0.0-beta.0', '2.0.0-beta.0' ]
20 silly lockFile 7b8aad32-npm-2-0-0-beta-0 npm@2.0.0-beta.0
21 verbose lock npm@2.0.0-beta.0 /Users/apple/.npm/7b8aad32-npm-2-0-0-beta-0.lock
22 verbose registry.get npm not expired, no request
23 silly lockFile 3656f3d4-mjs-org-npm-npm-2-0-0-beta-0-tgz https://registry.npmjs.org/npm/-/npm-2.0.0-beta.0.tgz
24 verbose lock https://registry.npmjs.org/npm/-/npm-2.0.0-beta.0.tgz /Users/apple/.npm/3656f3d4-mjs-org-npm-npm-2-0-0-beta-0-tgz.lock
25 verbose addRemoteTarball [ 'https://registry.npmjs.org/npm/-/npm-2.0.0-beta.0.tgz',
25 verbose addRemoteTarball   '750381429e602908a1b10f5935619694dd60cdf1' ]
26 info retry fetch attempt 1 at 13:14:16
27 verbose fetch to= /var/folders/89/wnmlrvkx12vd8xvf7mmhdjnc0000gn/T/npm-3209-LHpGnPpj/registry.npmjs.org/npm/-/npm-2.0.0-beta.0.tgz
28 http GET https://registry.npmjs.org/npm/-/npm-2.0.0-beta.0.tgz
29 http 200 https://registry.npmjs.org/npm/-/npm-2.0.0-beta.0.tgz
30 silly lockFile 3656f3d4-mjs-org-npm-npm-2-0-0-beta-0-tgz https://registry.npmjs.org/npm/-/npm-2.0.0-beta.0.tgz
31 silly lockFile 3656f3d4-mjs-org-npm-npm-2-0-0-beta-0-tgz https://registry.npmjs.org/npm/-/npm-2.0.0-beta.0.tgz
32 silly lockFile 7b8aad32-npm-2-0-0-beta-0 npm@2.0.0-beta.0
33 silly lockFile 7b8aad32-npm-2-0-0-beta-0 npm@2.0.0-beta.0
34 silly resolved [ { version: '2.0.0-beta.0',
34 silly resolved     name: 'npm',
34 silly resolved     description: 'A package manager for node',
34 silly resolved     keywords: [ 'package manager', 'modules', 'install', 'package.json' ],
34 silly resolved     preferGlobal: true,
34 silly resolved     config: { publishtest: false },
34 silly resolved     publishConfig: { tag: 'v1.5rc' },
34 silly resolved     homepage: 'https://npmjs.org/doc/',
34 silly resolved     author:
34 silly resolved      { name: 'Isaac Z. Schlueter',
34 silly resolved        email: 'i@izs.me',
34 silly resolved        url: 'http://blog.izs.me' },
34 silly resolved     repository: { type: 'git', url: 'https://github.com/npm/npm' },
34 silly resolved     bugs:
34 silly resolved      { url: 'http://github.com/npm/npm/issues',
34 silly resolved        email: 'npm-@googlegroups.com' },
34 silly resolved     directories: { doc: './doc', man: './man', lib: './lib', bin: './bin' },
34 silly resolved     main: './lib/npm.js',
34 silly resolved     bin: { npm: './bin/npm-cli.js' },
34 silly resolved     dependencies:
34 silly resolved      { abbrev: '~1.0.5',
34 silly resolved        ansi: '~0.3.0',
34 silly resolved        ansicolors: '~0.3.2',
34 silly resolved        ansistyles: '~0.1.3',
34 silly resolved        archy: '0',
34 silly resolved        'async-some': '~1.0.0',
34 silly resolved        'block-stream': '0.0.7',
34 silly resolved        'char-spinner': '~1.0.1',
34 silly resolved        'child-process-close': '~0.1.1',
34 silly resolved        chmodr: '~0.1.0',
34 silly resolved        chownr: '0',
34 silly resolved        'cmd-shim': '~1.1.2',
34 silly resolved        columnify: '~1.1.0',
34 silly resolved        editor: '~0.1.0',
34 silly resolved        'fs-vacuum': '~1.2.1',
34 silly resolved        fstream: '~1.0.2',
34 silly resolved        'fstream-npm': '~1.0.0',
34 silly resolved        'github-url-from-git': '~1.3.0',
34 silly resolved        'github-url-from-username-repo': '~0.2.0',
34 silly resolved        glob: '~4.0.5',
34 silly resolved        'graceful-fs': '~3.0.0',
34 silly resolved        inflight: '~1.0.1',
34 silly resolved        ini: '~1.2.0',
34 silly resolved        'init-package-json': '~1.0.0',
34 silly resolved        lockfile: '~1.0.0',
34 silly resolved        'lru-cache': '~2.5.0',
34 silly resolved        minimatch: '~1.0.0',
34 silly resolved        mkdirp: '~0.5.0',
34 silly resolved        'node-gyp': '~1.0.1',
34 silly resolved        nopt: '~3.0.1',
34 silly resolved        'normalize-package-data': '~0.4.2',
34 silly resolved        'npm-cache-filename': '~1.0.1',
34 silly resolved        'npm-install-checks': '~1.0.2',
34 silly resolved        'npm-package-arg': '~2.0.2',
34 silly resolved        'npm-registry-client': '~3.1.3',
34 silly resolved        'npm-user-validate': '~0.1.0',
34 silly resolved        npmconf: '~2.0.4',
34 silly resolved        npmlog: '~0.1.1',
34 silly resolved        once: '~1.3.0',
34 silly resolved        opener: '~1.3.0',
34 silly resolved        osenv: '~0.1.0',
34 silly resolved        'path-is-inside': '~1.0.0',
34 silly resolved        read: '~1.0.4',
34 silly resolved        'read-installed': '~3.1.0',
34 silly resolved        'read-package-json': '~1.2.6',
34 silly resolved        request: '~2.40.0',
34 silly resolved        retry: '~0.6.0',
34 silly resolved        rimraf: '~2.2.8',
34 silly resolved        semver: '~3.0.0',
34 silly resolved        sha: '~1.2.1',
34 silly resolved        slide: '~1.1.5',
34 silly resolved        'sorted-object': '~1.0.0',
34 silly resolved        tar: '~1.0.1',
34 silly resolved        'text-table': '~0.2.0',
34 silly resolved        'uid-number': '0.0.5',
34 silly resolved        which: '1' },
34 silly resolved     bundleDependencies:
34 silly resolved      [ 'abbrev',
34 silly resolved        'ansi',
34 silly resolved        'ansicolors',
34 silly resolved        'ansistyles',
34 silly resolved        'archy',
34 silly resolved        'async-some',
34 silly resolved        'block-stream',
34 silly resolved        'char-spinner',
34 silly resolved        'child-process-close',
34 silly resolved        'chmodr',
34 silly resolved        'chownr',
34 silly resolved        'cmd-shim',
34 silly resolved        'columnify',
34 silly resolved        'editor',
34 silly resolved        'fs-vacuum',
34 silly resolved        'fstream',
34 silly resolved        'fstream-npm',
34 silly resolved        'github-url-from-git',
34 silly resolved        'github-url-from-username-repo',
34 silly resolved        'glob',
34 silly resolved        'graceful-fs',
34 silly resolved        'inflight',
34 silly resolved        'inherits',
34 silly resolved        'ini',
34 silly resolved        'init-package-json',
34 silly resolved        'lockfile',
34 silly resolved        'lru-cache',
34 silly resolved        'minimatch',
34 silly resolved        'mkdirp',
34 silly resolved        'node-gyp',
34 silly resolved        'nopt',
34 silly resolved        'normalize-package-data',
34 silly resolved        'npm-cache-filename',
34 silly resolved        'npm-install-checks',
34 silly resolved        'npm-package-arg',
34 silly resolved        'npm-registry-client',
34 silly resolved        'npm-user-validate',
34 silly resolved        'npmconf',
34 silly resolved        'npmlog',
34 silly resolved        'once',
34 silly resolved        'opener',
34 silly resolved        'osenv',
34 silly resolved        'path-is-inside',
34 silly resolved        'read',
34 silly resolved        'read-installed',
34 silly resolved        'read-package-json',
34 silly resolved        'request',
34 silly resolved        'retry',
34 silly resolved        'rimraf',
34 silly resolved        'semver',
34 silly resolved        'sha',
34 silly resolved        'slide',
34 silly resolved        'sorted-object',
34 silly resolved        'tar',
34 silly resolved        'text-table',
34 silly resolved        'uid-number',
34 silly resolved        'which' ],
34 silly resolved     devDependencies:
34 silly resolved      { marked: '~0.3.2',
34 silly resolved        nock: '~0.34.1',
34 silly resolved        'npm-registry-couchapp': '~2.5.0',
34 silly resolved        'npm-registry-mock': '~0.6.3',
34 silly resolved        ronn: '~0.3.6',
34 silly resolved        tap: '~0.4.12' },
34 silly resolved     engines: { node: '>=0.8' },
34 silly resolved     scripts:
34 silly resolved      { 'test-legacy': 'node ./test/run.js',
34 silly resolved        test: 'tap --timeout 120 test/tap/*.js',
34 silly resolved        tap: 'tap --timeout 120 test/tap/*.js',
34 silly resolved        'test-all': 'node ./test/run.js && tap test/tap/*.js',
34 silly resolved        prepublish: 'node bin/npm-cli.js prune --prefix=. --no-global && rm -rf test/*/*/node_modules && make -j8 doc',
34 silly resolved        dumpconf: 'env | grep npm | sort | uniq' },
34 silly resolved     license: 'Artistic-2.0',
34 silly resolved     man:
34 silly resolved      [ '/Users/ogd/Documents/projects/npm/npm/man/man1/npm-README.1',
34 silly resolved        '/Users/ogd/Documents/projects/npm/npm/man/man1/npm-adduser.1',
34 silly resolved        '/Users/ogd/Documents/projects/npm/npm/man/man1/npm-bin.1',
34 silly resolved        '/Users/ogd/Documents/projects/npm/npm/man/man1/npm-bugs.1',
34 silly resolved        '/Users/ogd/Documents/projects/npm/npm/man/man1/npm-build.1',
34 silly resolved        '/Users/ogd/Documents/projects/npm/npm/man/man1/npm-bundle.1',
34 silly resolved        '/Users/ogd/Documents/projects/npm/npm/man/man1/npm-cache.1',
34 silly resolved        '/Users/ogd/Documents/projects/npm/npm/man/man1/npm-completion.1',
34 silly resolved        '/Users/ogd/Documents/projects/npm/npm/man/man1/npm-config.1',
34 silly resolved        '/Users/ogd/Documents/projects/npm/npm/man/man1/npm-dedupe.1',
34 silly resolved        '/Users/ogd/Documents/projects/npm/npm/man/man1/npm-deprecate.1',
34 silly resolved        '/Users/ogd/Documents/projects/npm/npm/man/man1/npm-docs.1',
34 silly resolved        '/Users/ogd/Documents/projects/npm/npm/man/man1/npm-edit.1',
34 silly resolved        '/Users/ogd/Documents/projects/npm/npm/man/man1/npm-explore.1',
34 silly resolved        '/Users/ogd/Documents/projects/npm/npm/man/man1/npm-help-search.1',
34 silly resolved        '/Users/ogd/Documents/projects/npm/npm/man/man1/npm-help.1',
34 silly resolved        '/Users/ogd/Documents/projects/npm/npm/man/man1/npm-init.1',
34 silly resolved        '/Users/ogd/Documents/projects/npm/npm/man/man1/npm-install.1',
34 silly resolved        '/Users/ogd/Documents/projects/npm/npm/man/man1/npm-link.1',
34 silly resolved        '/Users/ogd/Documents/projects/npm/npm/man/man1/npm-ls.1',
34 silly resolved        '/Users/ogd/Documents/projects/npm/npm/man/man1/npm-outdated.1',
34 silly resolved        '/Users/ogd/Documents/projects/npm/npm/man/man1/npm-owner.1',
34 silly resolved        '/Users/ogd/Documents/projects/npm/npm/man/man1/npm-pack.1',
34 silly resolved        '/Users/ogd/Documents/projects/npm/npm/man/man1/npm-prefix.1',
34 silly resolved        '/Users/ogd/Documents/projects/npm/npm/man/man1/npm-prune.1',
34 silly resolved        '/Users/ogd/Documents/projects/npm/npm/man/man1/npm-publish.1',
34 silly resolved        '/Users/ogd/Documents/projects/npm/npm/man/man1/npm-rebuild.1',
34 silly resolved        '/Users/ogd/Documents/projects/npm/npm/man/man1/npm-repo.1',
34 silly resolved        '/Users/ogd/Documents/projects/npm/npm/man/man1/npm-restart.1',
34 silly resolved        '/Users/ogd/Documents/projects/npm/npm/man/man1/npm-rm.1',
34 silly resolved        '/Users/ogd/Documents/projects/npm/npm/man/man1/npm-root.1',
34 silly resolved        '/Users/ogd/Documents/projects/npm/npm/man/man1/npm-run-script.1',
34 silly resolved        '/Users/ogd/Documents/projects/npm/npm/man/man1/npm-search.1',
34 silly resolved        '/Users/ogd/Documents/projects/npm/npm/man/man1/npm-shrinkwrap.1',
34 silly resolved        '/Users/ogd/Documents/projects/npm/npm/man/man1/npm-star.1',
34 silly resolved        '/Users/ogd/Documents/projects/npm/npm/man/man1/npm-stars.1',
34 silly resolved        '/Users/ogd/Documents/projects/npm/npm/man/man1/npm-start.1',
34 silly resolved        '/Users/ogd/Documents/projects/npm/npm/man/man1/npm-stop.1',
34 silly resolved        '/Users/ogd/Documents/projects/npm/npm/man/man1/npm-submodule.1',
34 silly resolved        '/Users/ogd/Documents/projects/npm/npm/man/man1/npm-tag.1',
34 silly resolved        '/Users/ogd/Documents/projects/npm/npm/man/man1/npm-test.1',
34 silly resolved        '/Users/ogd/Documents/projects/npm/npm/man/man1/npm-uninstall.1',
34 silly resolved        '/Users/ogd/Documents/projects/npm/npm/man/man1/npm-unpublish.1',
34 silly resolved        '/Users/ogd/Documents/projects/npm/npm/man/man1/npm-update.1',
34 silly resolved        '/Users/ogd/Documents/projects/npm/npm/man/man1/npm-version.1',
34 silly resolved        '/Users/ogd/Documents/projects/npm/npm/man/man1/npm-view.1',
34 silly resolved        '/Users/ogd/Documents/projects/npm/npm/man/man1/npm-whoami.1',
34 silly resolved        '/Users/ogd/Documents/projects/npm/npm/man/man1/npm.1',
34 silly resolved        '/Users/ogd/Documents/projects/npm/npm/man/man3/npm-bin.3',
34 silly resolved        '/Users/ogd/Documents/projects/npm/npm/man/man3/npm-bugs.3',
34 silly resolved        '/Users/ogd/Documents/projects/npm/npm/man/man3/npm-cache.3',
34 silly resolved        '/Users/ogd/Documents/projects/npm/npm/man/man3/npm-commands.3',
34 silly resolved        '/Users/ogd/Documents/projects/npm/npm/man/man3/npm-config.3',
34 silly resolved        '/Users/ogd/Documents/projects/npm/npm/man/man3/npm-deprecate.3',
34 silly resolved        '/Users/ogd/Documents/projects/npm/npm/man/man3/npm-docs.3',
34 silly resolved        '/Users/ogd/Documents/projects/npm/npm/man/man3/npm-edit.3',
34 silly resolved        '/Users/ogd/Documents/projects/npm/npm/man/man3/npm-explore.3',
34 silly resolved        '/Users/ogd/Documents/projects/npm/npm/man/man3/npm-help-search.3',
34 silly resolved        '/Users/ogd/Documents/projects/npm/npm/man/man3/npm-init.3',
34 silly resolved        '/Users/ogd/Documents/projects/npm/npm/man/man3/npm-install.3',
34 silly resolved        '/Users/ogd/Documents/projects/npm/npm/man/man3/npm-link.3',
34 silly resolved        '/Users/ogd/Documents/projects/npm/npm/man/man3/npm-load.3',
34 silly resolved        '/Users/ogd/Documents/projects/npm/npm/man/man3/npm-ls.3',
34 silly resolved        '/Users/ogd/Documents/projects/npm/npm/man/man3/npm-outdated.3',
34 silly resolved        '/Users/ogd/Documents/projects/npm/npm/man/man3/npm-owner.3',
34 silly resolved        '/Users/ogd/Documents/projects/npm/npm/man/man3/npm-pack.3',
34 silly resolved        '/Users/ogd/Documents/projects/npm/npm/man/man3/npm-prefix.3',
34 silly resolved        '/Users/ogd/Documents/projects/npm/npm/man/man3/npm-prune.3',
34 silly resolved        '/Users/ogd/Documents/projects/npm/npm/man/man3/npm-publish.3',
34 silly resolved        '/Users/ogd/Documents/projects/npm/npm/man/man3/npm-rebuild.3',
34 silly resolved        '/Users/ogd/Documents/projects/npm/npm/man/man3/npm-repo.3',
34 silly resolved        '/Users/ogd/Documents/projects/npm/npm/man/man3/npm-restart.3',
34 silly resolved        '/Users/ogd/Documents/projects/npm/npm/man/man3/npm-root.3',
34 silly resolved        '/Users/ogd/Documents/projects/npm/npm/man/man3/npm-run-script.3',
34 silly resolved        '/Users/ogd/Documents/projects/npm/npm/man/man3/npm-search.3',
34 silly resolved        '/Users/ogd/Documents/projects/npm/npm/man/man3/npm-shrinkwrap.3',
34 silly resolved        '/Users/ogd/Documents/projects/npm/npm/man/man3/npm-start.3',
34 silly resolved        '/Users/ogd/Documents/projects/npm/npm/man/man3/npm-stop.3',
34 silly resolved        '/Users/ogd/Documents/projects/npm/npm/man/man3/npm-submodule.3',
34 silly resolved        '/Users/ogd/Documents/projects/npm/npm/man/man3/npm-tag.3',
34 silly resolved        '/Users/ogd/Documents/projects/npm/npm/man/man3/npm-test.3',
34 silly resolved        '/Users/ogd/Documents/projects/npm/npm/man/man3/npm-uninstall.3',
34 silly resolved        '/Users/ogd/Documents/projects/npm/npm/man/man3/npm-unpublish.3',
34 silly resolved        '/Users/ogd/Documents/projects/npm/npm/man/man3/npm-update.3',
34 silly resolved        '/Users/ogd/Documents/projects/npm/npm/man/man3/npm-version.3',
34 silly resolved        '/Users/ogd/Documents/projects/npm/npm/man/man3/npm-view.3',
34 silly resolved        '/Users/ogd/Documents/projects/npm/npm/man/man3/npm-whoami.3',
34 silly resolved        '/Users/ogd/Documents/projects/npm/npm/man/man3/npm.3',
34 silly resolved        '/Users/ogd/Documents/projects/npm/npm/man/man5/npm-folders.5',
34 silly resolved        '/Users/ogd/Documents/projects/npm/npm/man/man5/npm-global.5',
34 silly resolved        '/Users/ogd/Documents/projects/npm/npm/man/man5/npm-json.5',
34 silly resolved        '/Users/ogd/Documents/projects/npm/npm/man/man5/npmrc.5',
34 silly resolved        '/Users/ogd/Documents/projects/npm/npm/man/man5/package.json.5',
34 silly resolved        '/Users/ogd/Documents/projects/npm/npm/man/man7/npm-coding-style.7',
34 silly resolved        '/Users/ogd/Documents/projects/npm/npm/man/man7/npm-config.7',
34 silly resolved        '/Users/ogd/Documents/projects/npm/npm/man/man7/npm-developers.7',
34 silly resolved        '/Users/ogd/Documents/projects/npm/npm/man/man7/npm-disputes.7',
34 silly resolved        '/Users/ogd/Documents/projects/npm/npm/man/man7/npm-faq.7',
34 silly resolved        '/Users/ogd/Documents/projects/npm/npm/man/man7/npm-index.7',
34 silly resolved        '/Users/ogd/Documents/projects/npm/npm/man/man7/npm-registry.7',
34 silly resolved        '/Users/ogd/Documents/projects/npm/npm/man/man7/npm-scripts.7',
34 silly resolved        '/Users/ogd/Documents/projects/npm/npm/man/man7/removing-npm.7',
34 silly resolved        '/Users/ogd/Documents/projects/npm/npm/man/man7/semver.7' ],
34 silly resolved     contributors:
34 silly resolved      [ [Object],
34 silly resolved        [Object],
34 silly resolved        [Object],
34 silly resolved        [Object],
34 silly resolved        [Object],
34 silly resolved        [Object],
34 silly resolved        [Object],
34 silly resolved        [Object],
34 silly resolved        [Object],
34 silly resolved        [Object],
34 silly resolved        [Object],
34 silly resolved        [Object],
34 silly resolved        [Object],
34 silly resolved        [Object],
34 silly resolved        [Object],
34 silly resolved        [Object],
34 silly resolved        [Object],
34 silly resolved        [Object],
34 silly resolved        [Object],
34 silly resolved        [Object],
34 silly resolved        [Object],
34 silly resolved        [Object],
34 silly resolved        [Object],
34 silly resolved        [Object],
34 silly resolved        [Object],
34 silly resolved        [Object],
34 silly resolved        [Object],
34 silly resolved        [Object],
34 silly resolved        [Object],
34 silly resolved        [Object],
34 silly resolved        [Object],
34 silly resolved        [Object],
34 silly resolved        [Object],
34 silly resolved        [Object],
34 silly resolved        [Object],
34 silly resolved        [Object],
34 silly resolved        [Object],
34 silly resolved        [Object],
34 silly resolved        [Object],
34 silly resolved        [Object],
34 silly resolved        [Object],
34 silly resolved        [Object],
34 silly resolved        [Object],
34 silly resolved        [Object],
34 silly resolved        [Object],
34 silly resolved        [Object],
34 silly resolved        [Object],
34 silly resolved        [Object],
34 silly resolved        [Object],
34 silly resolved        [Object],
34 silly resolved        [Object],
34 silly resolved        [Object],
34 silly resolved        [Object],
34 silly resolved        [Object],
34 silly resolved        [Object],
34 silly resolved        [Object],
34 silly resolved        [Object],
34 silly resolved        [Object],
34 silly resolved        [Object],
34 silly resolved        [Object],
34 silly resolved        [Object],
34 silly resolved        [Object],
34 silly resolved        [Object],
34 silly resolved        [Object],
34 silly resolved        [Object],
34 silly resolved        [Object],
34 silly resolved        [Object],
34 silly resolved        [Object],
34 silly resolved        [Object],
34 silly resolved        [Object],
34 silly resolved        [Object],
34 silly resolved        [Object],
34 silly resolved        [Object],
34 silly resolved        [Object],
34 silly resolved        [Object],
34 silly resolved        [Object],
34 silly resolved        [Object],
34 silly resolved        [Object],
34 silly resolved        [Object],
34 silly resolved        [Object],
34 silly resolved        [Object],
34 silly resolved        [Object],
34 silly resolved        [Object],
34 silly resolved        [Object],
34 silly resolved        [Object],
34 silly resolved        [Object],
34 silly resolved        [Object],
34 silly resolved        [Object],
34 silly resolved        [Object],
34 silly resolved        [Object],
34 silly resolved        [Object],
34 silly resolved        [Object],
34 silly resolved        [Object],
34 silly resolved        [Object],
34 silly resolved        [Object],
34 silly resolved        [Object],
34 silly resolved        [Object],
34 silly resolved        [Object],
34 silly resolved        [Object],
34 silly resolved        [Object],
34 silly resolved        [Object],
34 silly resolved        [Object],
34 silly resolved        [Object],
34 silly resolved        [Object],
34 silly resolved        [Object],
34 silly resolved        [Object],
34 silly resolved        [Object],
34 silly resolved        [Object],
34 silly resolved        [Object],
34 silly resolved        [Object],
34 silly resolved        [Object],
34 silly resolved        [Object],
34 silly resolved        [Object],
34 silly resolved        [Object],
34 silly resolved        [Object],
34 silly resolved        [Object],
34 silly resolved        [Object],
34 silly resolved        [Object],
34 silly resolved        [Object],
34 silly resolved        [Object],
34 silly resolved        [Object],
34 silly resolved        [Object],
34 silly resolved        [Object],
34 silly resolved        [Object],
34 silly resolved        [Object],
34 silly resolved        [Object],
34 silly resolved        [Object],
34 silly resolved        [Object],
34 silly resolved        [Object],
34 silly resolved        [Object],
34 silly resolved        [Object],
34 silly resolved        [Object],
34 silly resolved        [Object],
34 silly resolved        [Object],
34 silly resolved        [Object],
34 silly resolved        [Object],
34 silly resolved        [Object],
34 silly resolved        [Object],
34 silly resolved        [Object],
34 silly resolved        [Object],
34 silly resolved        [Object],
34 silly resolved        [Object],
34 silly resolved        [Object],
34 silly resolved        [Object],
34 silly resolved        [Object],
34 silly resolved        [Object],
34 silly resolved        [Object],
34 silly resolved        [Object],
34 silly resolved        [Object],
34 silly resolved        [Object],
34 silly resolved        [Object],
34 silly resolved        [Object],
34 silly resolved        [Object],
34 silly resolved        [Object],
34 silly resolved        [Object],
34 silly resolved        [Object],
34 silly resolved        [Object] ],
34 silly resolved     gitHead: '5cacaa2202a8f53bf95db9097aaa9ae9dc93a903',
34 silly resolved     _id: 'npm@2.0.0-beta.0',
34 silly resolved     _shasum: '750381429e602908a1b10f5935619694dd60cdf1',
34 silly resolved     _from: 'npm@2.0.0-beta.0',
34 silly resolved     _npmVersion: '2.0.0-beta.0',
34 silly resolved     _npmUser: { name: 'othiym23', email: 'ogd@aoaioxxysz.net' },
34 silly resolved     maintainers: [ [Object], [Object] ],
34 silly resolved     dist:
34 silly resolved      { shasum: '750381429e602908a1b10f5935619694dd60cdf1',
34 silly resolved        tarball: 'http://registry.npmjs.org/npm/-/npm-2.0.0-beta.0.tgz' },
34 silly resolved     _resolved: 'https://registry.npmjs.org/npm/-/npm-2.0.0-beta.0.tgz' } ]
35 info install npm@2.0.0-beta.0 into /usr/local/lib
36 info installOne npm@2.0.0-beta.0
37 info /usr/local/lib/node_modules/npm unbuild
38 info preuninstall npm@1.4.14
39 info uninstall npm@1.4.14
40 verbose true,/usr/local/lib/node_modules,/usr/local/lib/node_modules unbuild npm@1.4.14
41 verbose /usr/local/bin,[object Object] binRoot
42 info postuninstall npm@1.4.14
43 info /usr/local/lib/node_modules/npm unbuild
44 info preuninstall npm@1.4.14
45 info uninstall npm@1.4.14
46 verbose true,/usr/local/lib/node_modules,/usr/local/lib/node_modules unbuild npm@1.4.14
47 verbose /usr/local/bin,[object Object] binRoot
48 info postuninstall npm@1.4.14
49 error error rolling back Error: EACCES, unlink '/usr/local/lib/node_modules/npm'
49 error error rolling back  npm@2.0.0-beta.0 { [Error: EACCES, unlink '/usr/local/lib/node_modules/npm']
49 error error rolling back   errno: 3,
49 error error rolling back   code: 'EACCES',
49 error error rolling back   path: '/usr/local/lib/node_modules/npm' }
50 error Error: EACCES, unlink '/usr/local/lib/node_modules/npm'
50 error  { [Error: EACCES, unlink '/usr/local/lib/node_modules/npm']
50 error   errno: 3,
50 error   code: 'EACCES',
50 error   path: '/usr/local/lib/node_modules/npm' }
51 error Please try running this command again as root/Administrator.
52 error System Darwin 13.3.0
53 error command "node" "/usr/local/bin/npm" "update" "-g" "npm"
54 error cwd /Users/apple/workspace/party_bid_core/party_bid_core
55 error node -v v0.10.29
56 error npm -v 1.4.14
57 error path /usr/local/lib/node_modules/npm
58 error code EACCES
59 error errno 3
60 error stack Error: EACCES, unlink '/usr/local/lib/node_modules/npm'
61 verbose exit [ 3, true ]
